Build started 6/24/2019 11:43:46 AM.
     1>Project "C:\Users\dell\Desktop\New folder (3)\ConsoleApplication5\ConsoleApplication5\ConsoleApplication5.vcxproj" on node 2 (Build target(s)).
     1>ClCompile:
         C:\Program Files (x86)\Microsoft Visual Studio 12.0\VC\bin\CL.exe /c /Zi /nologo /W3 /WX- /sdl /O2 /Oi /Oy- /GL /D WIN32 /D NDEBUG /D _CONSOLE /D _LIB /D _UNICODE /D UNICODE /Gm- /EHsc /MD /GS /Gy /fp:precise /Zc:wchar_t /Zc:forScope /Fo"Release\\" /Fd"Release\vc120.pdb" /Gd /TP /analyze- /errorReport:prompt Keypad.cpp
         Keypad.cpp
       Link:
         C:\Program Files (x86)\Microsoft Visual Studio 12.0\VC\bin\link.exe /ERRORREPORT:PROMPT /OUT:"C:\Users\dell\Desktop\New folder (3)\ConsoleApplication5\Release\ConsoleApplication5.exe" /INCREMENTAL:NO /NOLOGO kernel32.lib user32.lib gdi32.lib winspool.lib comdlg32.lib advapi32.lib shell32.lib ole32.lib oleaut32.lib uuid.lib odbc32.lib odbccp32.lib /MANIFEST /MANIFESTUAC:"level='asInvoker' uiAccess='false'" /manifest:embed /DEBUG /PDB:"C:\Users\dell\Desktop\New folder (3)\ConsoleApplication5\Release\ConsoleApplication5.pdb" /SUBSYSTEM:CONSOLE /OPT:REF /OPT:ICF /LTCG /TLBID:1 /DYNAMICBASE /NXCOMPAT /IMPLIB:"C:\Users\dell\Desktop\New folder (3)\ConsoleApplication5\Release\ConsoleApplication5.lib" /MACHINE:X86 /SAFESEH Release\CashDepositer.obj
         Release\CashDispenser.obj
         Release\Date.obj
         Release\Keypad.obj
         Release\Screen.obj
         "Release\Snack Vending Machine.obj"
         Release\SnackDatabase.obj
         Release\SnackDispenser.obj
         Release\Time.obj
         Release\VendingMachine.obj
         Generating code
         Finished generating code
         ConsoleApplication5.vcxproj -> C:\Users\dell\Desktop\New folder (3)\ConsoleApplication5\Release\ConsoleApplication5.exe
     1>Done Building Project "C:\Users\dell\Desktop\New folder (3)\ConsoleApplication5\ConsoleApplication5\ConsoleApplication5.vcxproj" (Build target(s)).

Build succeeded.

Time Elapsed 00:00:01.46
